SF:C:\Users\mathi\source\repos\aspnetcore-tests-sample\src\SampleApp\Program.cs
FN:11,System.Void SampleApp.Program::Main(System.String[])
FNDA:0,System.Void SampleApp.Program::Main(System.String[])
DA:12,0
DA:13,0
DA:14,0
DA:15,0
DA:16,0
DA:17,0
DA:18,0
DA:19,0
DA:20,0
DA:21,0
DA:22,0
DA:23,0
DA:24,0
DA:25,0
DA:26,0
BRDA:15,33,0,0
BRDA:15,33,1,0
FN:28,Microsoft.AspNetCore.Hosting.IWebHostBuilder SampleApp.Program::CreateWebHostBuilder(System.String[])
FNDA:0,Microsoft.AspNetCore.Hosting.IWebHostBuilder SampleApp.Program::CreateWebHostBuilder(System.String[])
DA:29,0
DA:30,0
LF:17
LH:0
BRF:2
BRH:0
FNF:2
FNH:0
end_of_record
SF:C:\Users\mathi\source\repos\aspnetcore-tests-sample\src\SampleApp\Startup.cs
FN:27,Microsoft.Extensions.Configuration.IConfiguration SampleApp.Startup::get_Configuration()
FNDA:0,Microsoft.Extensions.Configuration.IConfiguration SampleApp.Startup::get_Configuration()
DA:28,0
FN:30,System.Void SampleApp.Startup::ConfigureServices(Microsoft.Extensions.DependencyInjection.IServiceCollection)
FNDA:0,System.Void SampleApp.Startup::ConfigureServices(Microsoft.Extensions.DependencyInjection.IServiceCollection)
DA:31,0
DA:32,0
DA:33,0
DA:34,0
DA:35,0
DA:36,0
DA:37,0
DA:38,0
DA:40,0
DA:41,0
DA:42,0
DA:43,0
DA:44,0
DA:45,0
DA:46,0
DA:47,0
DA:48,0
DA:49,0
DA:50,0
BRDA:34,39,0,0
BRDA:34,39,1,0
FN:53,System.Void SampleApp.Startup::Configure(Microsoft.AspNetCore.Builder.IApplicationBuilder)
FNDA:0,System.Void SampleApp.Startup::Configure(Microsoft.AspNetCore.Builder.IApplicationBuilder)
DA:54,0
DA:55,0
DA:56,0
DA:57,0
DA:58,0
DA:59,0
DA:60,0
DA:61,0
DA:63,0
DA:64,0
DA:65,0
DA:66,0
DA:67,0
DA:68,0
DA:69,0
BRDA:55,14,0,0
BRDA:55,14,1,0
BRDA:59,45,0,0
BRDA:59,45,1,0
FN:21,System.Void SampleApp.Startup::.ctor(Microsoft.Extensions.Configuration.IConfiguration,Microsoft.AspNetCore.Hosting.IHostingEnvironment)
FNDA:0,System.Void SampleApp.Startup::.ctor(Microsoft.Extensions.Configuration.IConfiguration,Microsoft.AspNetCore.Hosting.IHostingEnvironment)
DA:22,0
DA:23,0
DA:24,0
DA:25,0
DA:26,0
LF:40
LH:0
BRF:6
BRH:0
FNF:4
FNH:0
end_of_record
SF:C:\Users\mathi\source\repos\aspnetcore-tests-sample\src\SampleApp\Models\Product.cs
FN:4,System.Int32 SampleApp.Models.Product::get_Id()
FNDA:10,System.Int32 SampleApp.Models.Product::get_Id()
DA:5,10
FN:5,System.String SampleApp.Models.Product::get_Name()
FNDA:0,System.String SampleApp.Models.Product::get_Name()
DA:6,0
FN:6,System.Decimal SampleApp.Models.Product::get_Price()
FNDA:17,System.Decimal SampleApp.Models.Product::get_Price()
DA:7,17
FN:8,System.Boolean SampleApp.Models.Product::get_IsExpensive()
FNDA:3,System.Boolean SampleApp.Models.Product::get_IsExpensive()
DA:9,3
LF:4
LH:3
BRF:0
BRH:0
FNF:4
FNH:3
end_of_record
SF:C:\Users\mathi\source\repos\aspnetcore-tests-sample\src\SampleApp\Models\ProductsRepository.cs
FN:54,System.Threading.Tasks.Task`1<System.Boolean> SampleApp.Models.ProductsRepository::ExistsAsync(System.Int32)
FNDA:0,System.Threading.Tasks.Task`1<System.Boolean> SampleApp.Models.ProductsRepository::ExistsAsync(System.Int32)
DA:55,0
FN:19,System.Void SampleApp.Models.ProductsRepository::.ctor(SampleApp.Models.SampleAppContext)
FNDA:0,System.Void SampleApp.Models.ProductsRepository::.ctor(SampleApp.Models.SampleAppContext)
DA:20,0
FN:24,System.Void SampleApp.Models.ProductsRepository/<CreateAsync>d__2::MoveNext()
FNDA:0,System.Void SampleApp.Models.ProductsRepository/<CreateAsync>d__2::MoveNext()
DA:25,0
DA:26,0
DA:27,0
DA:28,0
DA:29,0
DA:30,0
DA:31,0
BRDA:26,37,0,0
BRDA:26,37,1,0
FN:32,System.Void SampleApp.Models.ProductsRepository/<GetAsync>d__3::MoveNext()
FNDA:0,System.Void SampleApp.Models.ProductsRepository/<GetAsync>d__3::MoveNext()
DA:33,0
FN:34,System.Void SampleApp.Models.ProductsRepository/<GetAllAsync>d__4::MoveNext()
FNDA:0,System.Void SampleApp.Models.ProductsRepository/<GetAllAsync>d__4::MoveNext()
DA:35,0
FN:37,System.Void SampleApp.Models.ProductsRepository/<UpdateAsync>d__5::MoveNext()
FNDA:0,System.Void SampleApp.Models.ProductsRepository/<UpdateAsync>d__5::MoveNext()
DA:38,0
DA:39,0
DA:40,0
DA:41,0
DA:42,0
DA:43,0
DA:45,0
DA:46,0
DA:47,0
DA:48,0
DA:49,0
DA:50,0
DA:52,0
DA:53,0
BRDA:39,26,0,0
BRDA:39,26,1,0
BRDA:41,58,0,0
BRDA:41,58,1,0
FN:57,System.Void SampleApp.Models.ProductsRepository/<DeleteAsync>d__7::MoveNext()
FNDA:0,System.Void SampleApp.Models.ProductsRepository/<DeleteAsync>d__7::MoveNext()
DA:58,0
DA:59,0
DA:60,0
DA:61,0
DA:62,0
DA:63,0
DA:64,0
DA:65,0
BRDA:60,170,0,0
BRDA:60,170,1,0
LF:33
LH:0
BRF:8
BRH:0
FNF:7
FNH:0
end_of_record
SF:C:\Users\mathi\source\repos\aspnetcore-tests-sample\src\SampleApp\Models\SampleAppContext.cs
FN:11,Microsoft.EntityFrameworkCore.DbSet`1<SampleApp.Models.Product> SampleApp.Models.SampleAppContext::get_Product()
FNDA:0,Microsoft.EntityFrameworkCore.DbSet`1<SampleApp.Models.Product> SampleApp.Models.SampleAppContext::get_Product()
DA:12,0
FN:7,System.Void SampleApp.Models.SampleAppContext::.ctor(Microsoft.EntityFrameworkCore.DbContextOptions`1<SampleApp.Models.SampleAppContext>)
FNDA:0,System.Void SampleApp.Models.SampleAppContext::.ctor(Microsoft.EntityFrameworkCore.DbContextOptions`1<SampleApp.Models.SampleAppContext>)
DA:8,0
DA:9,0
DA:10,0
LF:4
LH:0
BRF:0
BRH:0
FNF:2
FNH:0
end_of_record
SF:C:\Users\mathi\source\repos\aspnetcore-tests-sample\src\SampleApp\Controllers\ProductsController.cs
FN:13,System.Void SampleApp.Controllers.ProductsController::.ctor(SampleApp.Models.IProductsRepository)
FNDA:14,System.Void SampleApp.Controllers.ProductsController::.ctor(SampleApp.Models.IProductsRepository)
DA:14,14
FN:18,System.Void SampleApp.Controllers.ProductsController/<GetProduct>d__2::MoveNext()
FNDA:1,System.Void SampleApp.Controllers.ProductsController/<GetProduct>d__2::MoveNext()
DA:19,1
DA:20,1
DA:21,1
DA:22,1
FN:26,System.Void SampleApp.Controllers.ProductsController/<GetProduct>d__3::MoveNext()
FNDA:1,System.Void SampleApp.Controllers.ProductsController/<GetProduct>d__3::MoveNext()
DA:27,1
DA:28,1
DA:29,1
DA:30,0
DA:31,1
DA:32,1
BRDA:29,164,0,0
BRDA:29,164,1,1
FN:36,System.Void SampleApp.Controllers.ProductsController/<PutProduct>d__4::MoveNext()
FNDA:0,System.Void SampleApp.Controllers.ProductsController/<PutProduct>d__4::MoveNext()
DA:37,0
DA:38,0
DA:39,0
DA:40,0
DA:41,0
DA:42,0
DA:43,0
DA:44,0
BRDA:38,39,0,0
BRDA:38,39,1,0
BRDA:41,201,0,0
BRDA:41,201,1,0
FN:48,System.Void SampleApp.Controllers.ProductsController/<PostProduct>d__5::MoveNext()
FNDA:5,System.Void SampleApp.Controllers.ProductsController/<PostProduct>d__5::MoveNext()
DA:49,5
DA:50,5
DA:51,1
DA:52,4
DA:53,4
DA:54,3
DA:55,1
DA:56,5
BRDA:50,38,0,1
BRDA:50,38,1,4
BRDA:53,202,0,3
BRDA:53,202,1,1
FN:60,System.Void SampleApp.Controllers.ProductsController/<DeleteProduct>d__6::MoveNext()
FNDA:0,System.Void SampleApp.Controllers.ProductsController/<DeleteProduct>d__6::MoveNext()
DA:61,0
DA:62,0
DA:63,0
DA:64,0
DA:65,0
DA:66,0
BRDA:63,157,0,0
BRDA:63,157,1,0
LF:33
LH:18
BRF:12
BRH:5
FNF:6
FNH:4
end_of_record